{"/Users/admin/Downloads/wd_201-main/todo-app/app.js": {"path":"/Users/admin/Downloads/wd_201-main/todo-app/app.js","statementMap":{"0":{"start":{"line":3,"column":16},"end":{"line":3,"column":34}},"1":{"start":{"line":4,"column":12},"end":{"line":4,"column":21}},"2":{"start":{"line":5,"column":23},"end":{"line":5,"column":42}},"3":{"start":{"line":8,"column":15},"end":{"line":8,"column":32}},"4":{"start":{"line":9,"column":19},"end":{"line":9,"column":21}},"5":{"start":{"line":12,"column":17},"end":{"line":12,"column":36}},"6":{"start":{"line":13,"column":27},"end":{"line":13,"column":58}},"7":{"start":{"line":14,"column":16},"end":{"line":14,"column":42}},"8":{"start":{"line":15,"column":22},"end":{"line":15,"column":47}},"9":{"start":{"line":17,"column":14},"end":{"line":17,"column":38}},"10":{"start":{"line":19,"column":13},"end":{"line":19,"column":28}},"11":{"start":{"line":20,"column":0},"end":{"line":20,"column":48}},"12":{"start":{"line":21,"column":0},"end":{"line":21,"column":17}},"13":{"start":{"line":24,"column":11},"end":{"line":24,"column":31}},"14":{"start":{"line":25,"column":19},"end":{"line":25,"column":43}},"15":{"start":{"line":28,"column":19},"end":{"line":28,"column":41}},"16":{"start":{"line":29,"column":0},"end":{"line":29,"column":27}},"17":{"start":{"line":32,"column":0},"end":{"line":32,"column":30}},"18":{"start":{"line":35,"column":0},"end":{"line":35,"column":34}},"19":{"start":{"line":38,"column":0},"end":{"line":38,"column":49}},"20":{"start":{"line":41,"column":0},"end":{"line":41,"column":48}},"21":{"start":{"line":42,"column":0},"end":{"line":44,"column":2}},"22":{"start":{"line":47,"column":0},"end":{"line":54,"column":3}},"23":{"start":{"line":56,"column":0},"end":{"line":56,"column":31}},"24":{"start":{"line":57,"column":0},"end":{"line":57,"column":28}},"25":{"start":{"line":60,"column":0},"end":{"line":63,"column":3}},"26":{"start":{"line":61,"column":4},"end":{"line":61,"column":47}},"27":{"start":{"line":62,"column":4},"end":{"line":62,"column":11}},"28":{"start":{"line":65,"column":0},"end":{"line":85,"column":3}},"29":{"start":{"line":69,"column":4},"end":{"line":84,"column":10}},"30":{"start":{"line":75,"column":27},"end":{"line":75,"column":72}},"31":{"start":{"line":76,"column":12},"end":{"line":80,"column":13}},"32":{"start":{"line":77,"column":16},"end":{"line":77,"column":39}},"33":{"start":{"line":79,"column":16},"end":{"line":79,"column":74}},"34":{"start":{"line":83,"column":12},"end":{"line":83,"column":67}},"35":{"start":{"line":87,"column":0},"end":{"line":90,"column":2}},"36":{"start":{"line":88,"column":4},"end":{"line":88,"column":55}},"37":{"start":{"line":89,"column":4},"end":{"line":89,"column":23}},"38":{"start":{"line":92,"column":0},"end":{"line":100,"column":2}},"39":{"start":{"line":93,"column":4},"end":{"line":99,"column":10}},"40":{"start":{"line":95,"column":12},"end":{"line":95,"column":28}},"41":{"start":{"line":98,"column":12},"end":{"line":98,"column":29}},"42":{"start":{"line":102,"column":0},"end":{"line":107,"column":3}},"43":{"start":{"line":103,"column":4},"end":{"line":106,"column":7}},"44":{"start":{"line":109,"column":0},"end":{"line":135,"column":3}},"45":{"start":{"line":110,"column":25},"end":{"line":110,"column":40}},"46":{"start":{"line":111,"column":21},"end":{"line":111,"column":42}},"47":{"start":{"line":112,"column":20},"end":{"line":112,"column":52}},"48":{"start":{"line":113,"column":21},"end":{"line":113,"column":54}},"49":{"start":{"line":114,"column":21},"end":{"line":114,"column":54}},"50":{"start":{"line":115,"column":27},"end":{"line":115,"column":66}},"51":{"start":{"line":117,"column":4},"end":{"line":134,"column":5}},"52":{"start":{"line":118,"column":8},"end":{"line":126,"column":11}},"53":{"start":{"line":128,"column":8},"end":{"line":133,"column":11}},"54":{"start":{"line":137,"column":0},"end":{"line":142,"column":2}},"55":{"start":{"line":138,"column":4},"end":{"line":141,"column":6}},"56":{"start":{"line":144,"column":0},"end":{"line":152,"column":2}},"57":{"start":{"line":145,"column":4},"end":{"line":151,"column":6}},"58":{"start":{"line":146,"column":8},"end":{"line":150,"column":9}},"59":{"start":{"line":147,"column":12},"end":{"line":147,"column":29}},"60":{"start":{"line":149,"column":12},"end":{"line":149,"column":34}},"61":{"start":{"line":154,"column":0},"end":{"line":177,"column":2}},"62":{"start":{"line":156,"column":22},"end":{"line":156,"column":74}},"63":{"start":{"line":157,"column":4},"end":{"line":157,"column":26}},"64":{"start":{"line":158,"column":4},"end":{"line":175,"column":5}},"65":{"start":{"line":159,"column":21},"end":{"line":164,"column":10}},"66":{"start":{"line":165,"column":8},"end":{"line":170,"column":10}},"67":{"start":{"line":166,"column":12},"end":{"line":168,"column":13}},"68":{"start":{"line":167,"column":16},"end":{"line":167,"column":32}},"69":{"start":{"line":169,"column":12},"end":{"line":169,"column":40}},"70":{"start":{"line":173,"column":8},"end":{"line":173,"column":24}},"71":{"start":{"line":174,"column":8},"end":{"line":174,"column":70}},"72":{"start":{"line":179,"column":0},"end":{"line":186,"column":3}},"73":{"start":{"line":180,"column":4},"end":{"line":185,"column":5}},"74":{"start":{"line":181,"column":21},"end":{"line":181,"column":59}},"75":{"start":{"line":182,"column":8},"end":{"line":182,"column":35}},"76":{"start":{"line":184,"column":8},"end":{"line":184,"column":27}},"77":{"start":{"line":188,"column":0},"end":{"line":204,"column":3}},"78":{"start":{"line":189,"column":4},"end":{"line":189,"column":49}},"79":{"start":{"line":190,"column":4},"end":{"line":190,"column":30}},"80":{"start":{"line":191,"column":4},"end":{"line":202,"column":5}},"81":{"start":{"line":192,"column":21},"end":{"line":196,"column":10}},"82":{"start":{"line":197,"column":8},"end":{"line":197,"column":43}},"83":{"start":{"line":199,"column":8},"end":{"line":199,"column":27}},"84":{"start":{"line":200,"column":8},"end":{"line":200,"column":54}},"85":{"start":{"line":203,"column":4},"end":{"line":203,"column":32}},"86":{"start":{"line":206,"column":0},"end":{"line":211,"column":2}},"87":{"start":{"line":207,"column":4},"end":{"line":210,"column":7}},"88":{"start":{"line":213,"column":0},"end":{"line":221,"column":6}},"89":{"start":{"line":219,"column":8},"end":{"line":219,"column":33}},"90":{"start":{"line":220,"column":8},"end":{"line":220,"column":36}},"91":{"start":{"line":223,"column":0},"end":{"line":234,"column":3}},"92":{"start":{"line":224,"column":4},"end":{"line":224,"column":72}},"93":{"start":{"line":225,"column":17},"end":{"line":225,"column":55}},"94":{"start":{"line":226,"column":17},"end":{"line":226,"column":39}},"95":{"start":{"line":227,"column":4},"end":{"line":233,"column":5}},"96":{"start":{"line":228,"column":28},"end":{"line":228,"column":74}},"97":{"start":{"line":229,"column":8},"end":{"line":229,"column":42}},"98":{"start":{"line":231,"column":8},"end":{"line":231,"column":27}},"99":{"start":{"line":232,"column":8},"end":{"line":232,"column":48}},"100":{"start":{"line":236,"column":0},"end":{"line":246,"column":3}},"101":{"start":{"line":237,"column":4},"end":{"line":237,"column":73}},"102":{"start":{"line":238,"column":4},"end":{"line":245,"column":5}},"103":{"start":{"line":239,"column":8},"end":{"line":239,"column":61}},"104":{"start":{"line":240,"column":8},"end":{"line":242,"column":10}},"105":{"start":{"line":244,"column":8},"end":{"line":244,"column":48}},"106":{"start":{"line":248,"column":0},"end":{"line":248,"column":21}}},"fnMap":{"0":{"name":"(anonymous_0)","decl":{"start":{"line":60,"column":8},"end":{"line":60,"column":9}},"loc":{"start":{"line":60,"column":43},"end":{"line":63,"column":1}},"line":60},"1":{"name":"(anonymous_1)","decl":{"start":{"line":68,"column":3},"end":{"line":68,"column":4}},"loc":{"start":{"line":68,"column":33},"end":{"line":85,"column":1}},"line":68},"2":{"name":"(anonymous_2)","decl":{"start":{"line":74,"column":14},"end":{"line":74,"column":15}},"loc":{"start":{"line":74,"column":30},"end":{"line":82,"column":9}},"line":74},"3":{"name":"(anonymous_3)","decl":{"start":{"line":82,"column":17},"end":{"line":82,"column":18}},"loc":{"start":{"line":82,"column":28},"end":{"line":84,"column":9}},"line":82},"4":{"name":"(anonymous_4)","decl":{"start":{"line":87,"column":23},"end":{"line":87,"column":24}},"loc":{"start":{"line":87,"column":39},"end":{"line":90,"column":1}},"line":87},"5":{"name":"(anonymous_5)","decl":{"start":{"line":92,"column":25},"end":{"line":92,"column":26}},"loc":{"start":{"line":92,"column":39},"end":{"line":100,"column":1}},"line":92},"6":{"name":"(anonymous_6)","decl":{"start":{"line":94,"column":14},"end":{"line":94,"column":15}},"loc":{"start":{"line":94,"column":22},"end":{"line":96,"column":9}},"line":94},"7":{"name":"(anonymous_7)","decl":{"start":{"line":97,"column":15},"end":{"line":97,"column":16}},"loc":{"start":{"line":97,"column":24},"end":{"line":99,"column":9}},"line":97},"8":{"name":"(anonymous_8)","decl":{"start":{"line":102,"column":13},"end":{"line":102,"column":14}},"loc":{"start":{"line":102,"column":48},"end":{"line":107,"column":1}},"line":102},"9":{"name":"(anonymous_9)","decl":{"start":{"line":109,"column":55},"end":{"line":109,"column":56}},"loc":{"start":{"line":109,"column":90},"end":{"line":135,"column":1}},"line":109},"10":{"name":"(anonymous_10)","decl":{"start":{"line":137,"column":19},"end":{"line":137,"column":20}},"loc":{"start":{"line":137,"column":42},"end":{"line":142,"column":1}},"line":137},"11":{"name":"(anonymous_11)","decl":{"start":{"line":144,"column":20},"end":{"line":144,"column":21}},"loc":{"start":{"line":144,"column":49},"end":{"line":152,"column":1}},"line":144},"12":{"name":"(anonymous_12)","decl":{"start":{"line":145,"column":19},"end":{"line":145,"column":20}},"loc":{"start":{"line":145,"column":28},"end":{"line":151,"column":5}},"line":145},"13":{"name":"(anonymous_13)","decl":{"start":{"line":154,"column":19},"end":{"line":154,"column":20}},"loc":{"start":{"line":154,"column":48},"end":{"line":177,"column":1}},"line":154},"14":{"name":"(anonymous_14)","decl":{"start":{"line":165,"column":28},"end":{"line":165,"column":29}},"loc":{"start":{"line":165,"column":37},"end":{"line":170,"column":9}},"line":165},"15":{"name":"(anonymous_15)","decl":{"start":{"line":179,"column":22},"end":{"line":179,"column":23}},"loc":{"start":{"line":179,"column":57},"end":{"line":186,"column":1}},"line":179},"16":{"name":"(anonymous_16)","decl":{"start":{"line":188,"column":56},"end":{"line":188,"column":57}},"loc":{"start":{"line":188,"column":91},"end":{"line":204,"column":1}},"line":188},"17":{"name":"(anonymous_17)","decl":{"start":{"line":206,"column":18},"end":{"line":206,"column":19}},"loc":{"start":{"line":206,"column":41},"end":{"line":211,"column":1}},"line":206},"18":{"name":"(anonymous_18)","decl":{"start":{"line":218,"column":4},"end":{"line":218,"column":5}},"loc":{"start":{"line":218,"column":27},"end":{"line":221,"column":5}},"line":218},"19":{"name":"(anonymous_19)","decl":{"start":{"line":223,"column":59},"end":{"line":223,"column":60}},"loc":{"start":{"line":223,"column":94},"end":{"line":234,"column":1}},"line":223},"20":{"name":"(anonymous_20)","decl":{"start":{"line":236,"column":62},"end":{"line":236,"column":63}},"loc":{"start":{"line":236,"column":97},"end":{"line":246,"column":1}},"line":236}},"branchMap":{"0":{"loc":{"start":{"line":76,"column":12},"end":{"line":80,"column":13}},"type":"if","locations":[{"start":{"line":76,"column":12},"end":{"line":80,"column":13}},{"start":{"line":78,"column":19},"end":{"line":80,"column":13}}],"line":76},"1":{"loc":{"start":{"line":117,"column":4},"end":{"line":134,"column":5}},"type":"if","locations":[{"start":{"line":117,"column":4},"end":{"line":134,"column":5}},{"start":{"line":127,"column":11},"end":{"line":134,"column":5}}],"line":117},"2":{"loc":{"start":{"line":146,"column":8},"end":{"line":150,"column":9}},"type":"if","locations":[{"start":{"line":146,"column":8},"end":{"line":150,"column":9}},{"start":{"line":148,"column":15},"end":{"line":150,"column":9}}],"line":146},"3":{"loc":{"start":{"line":166,"column":12},"end":{"line":168,"column":13}},"type":"if","locations":[{"start":{"line":166,"column":12},"end":{"line":168,"column":13}},{"start":{},"end":{}}],"line":166}},"s":{"0":1,"1":1,"2":1,"3":1,"4":1,"5":1,"6":1,"7":1,"8":1,"9":1,"10":1,"11":1,"12":1,"13":1,"14":1,"15":1,"16":1,"17":1,"18":1,"19":1,"20":1,"21":1,"22":1,"23":1,"24":1,"25":1,"26":23,"27":23,"28":1,"29":3,"30":3,"31":3,"32":3,"33":0,"34":0,"35":1,"36":4,"37":4,"38":1,"39":14,"40":14,"41":0,"42":1,"43":0,"44":1,"45":8,"46":8,"47":8,"48":8,"49":8,"50":8,"51":8,"52":6,"53":2,"54":1,"55":1,"56":1,"57":1,"58":1,"59":0,"60":1,"61":1,"62":1,"63":1,"64":1,"65":1,"66":1,"67":1,"68":0,"69":1,"70":0,"71":0,"72":1,"73":0,"74":0,"75":0,"76":0,"77":1,"78":3,"79":3,"80":3,"81":3,"82":3,"83":0,"84":0,"85":0,"86":1,"87":3,"88":1,"89":3,"90":3,"91":1,"92":1,"93":1,"94":1,"95":1,"96":1,"97":1,"98":0,"99":0,"100":1,"101":1,"102":1,"103":1,"104":1,"105":0,"106":1},"f":{"0":23,"1":3,"2":3,"3":0,"4":4,"5":14,"6":14,"7":0,"8":0,"9":8,"10":1,"11":1,"12":1,"13":1,"14":1,"15":0,"16":3,"17":3,"18":3,"19":1,"20":1},"b":{"0":[3,0],"1":[6,2],"2":[0,1],"3":[0,1]},"_coverageSchema":"1a1c01bbd47fc00a2c39e90264f33305004495a9","hash":"a7e8d8c9a506c176a601b50d7eaf722bf6032ab3"}
,"/Users/admin/Downloads/wd_201-main/todo-app/models/index.js": {"path":"/Users/admin/Downloads/wd_201-main/todo-app/models/index.js","statementMap":{"0":{"start":{"line":4,"column":11},"end":{"line":4,"column":24}},"1":{"start":{"line":5,"column":13},"end":{"line":5,"column":28}},"2":{"start":{"line":6,"column":18},"end":{"line":6,"column":38}},"3":{"start":{"line":7,"column":16},"end":{"line":7,"column":34}},"4":{"start":{"line":8,"column":17},"end":{"line":8,"column":42}},"5":{"start":{"line":9,"column":12},"end":{"line":9,"column":49}},"6":{"start":{"line":10,"column":15},"end":{"line":10,"column":65}},"7":{"start":{"line":11,"column":11},"end":{"line":11,"column":13}},"8":{"start":{"line":14,"column":0},"end":{"line":23,"column":1}},"9":{"start":{"line":15,"column":2},"end":{"line":15,"column":74}},"10":{"start":{"line":17,"column":2},"end":{"line":22,"column":4}},"11":{"start":{"line":25,"column":0},"end":{"line":37,"column":5}},"12":{"start":{"line":27,"column":4},"end":{"line":29,"column":6}},"13":{"start":{"line":32,"column":18},"end":{"line":35,"column":5}},"14":{"start":{"line":36,"column":4},"end":{"line":36,"column":27}},"15":{"start":{"line":39,"column":0},"end":{"line":43,"column":3}},"16":{"start":{"line":40,"column":2},"end":{"line":42,"column":3}},"17":{"start":{"line":41,"column":4},"end":{"line":41,"column":32}},"18":{"start":{"line":45,"column":0},"end":{"line":45,"column":25}},"19":{"start":{"line":46,"column":0},"end":{"line":46,"column":25}},"20":{"start":{"line":48,"column":0},"end":{"line":48,"column":20}}},"fnMap":{"0":{"name":"(anonymous_0)","decl":{"start":{"line":26,"column":10},"end":{"line":26,"column":11}},"loc":{"start":{"line":26,"column":20},"end":{"line":30,"column":3}},"line":26},"1":{"name":"(anonymous_1)","decl":{"start":{"line":31,"column":11},"end":{"line":31,"column":12}},"loc":{"start":{"line":31,"column":21},"end":{"line":37,"column":3}},"line":31},"2":{"name":"(anonymous_2)","decl":{"start":{"line":39,"column":24},"end":{"line":39,"column":25}},"loc":{"start":{"line":39,"column":39},"end":{"line":43,"column":1}},"line":39}},"branchMap":{"0":{"loc":{"start":{"line":9,"column":12},"end":{"line":9,"column":49}},"type":"binary-expr","locations":[{"start":{"line":9,"column":12},"end":{"line":9,"column":32}},{"start":{"line":9,"column":36},"end":{"line":9,"column":49}}],"line":9},"1":{"loc":{"start":{"line":14,"column":0},"end":{"line":23,"column":1}},"type":"if","locations":[{"start":{"line":14,"column":0},"end":{"line":23,"column":1}},{"start":{"line":16,"column":7},"end":{"line":23,"column":1}}],"line":14},"2":{"loc":{"start":{"line":28,"column":6},"end":{"line":28,"column":78}},"type":"binary-expr","locations":[{"start":{"line":28,"column":6},"end":{"line":28,"column":29}},{"start":{"line":28,"column":33},"end":{"line":28,"column":50}},{"start":{"line":28,"column":54},"end":{"line":28,"column":78}}],"line":28},"3":{"loc":{"start":{"line":40,"column":2},"end":{"line":42,"column":3}},"type":"if","locations":[{"start":{"line":40,"column":2},"end":{"line":42,"column":3}},{"start":{},"end":{}}],"line":40}},"s":{"0":1,"1":1,"2":1,"3":1,"4":1,"5":1,"6":1,"7":1,"8":1,"9":0,"10":1,"11":1,"12":3,"13":2,"14":2,"15":1,"16":2,"17":2,"18":1,"19":1,"20":1},"f":{"0":3,"1":2,"2":2},"b":{"0":[1,0],"1":[0,1],"2":[3,3,2],"3":[2,0]},"_coverageSchema":"1a1c01bbd47fc00a2c39e90264f33305004495a9","hash":"886d38f13c31059838fcba1b9c86c9a2df800154"}
,"/Users/admin/Downloads/wd_201-main/todo-app/models/todo.js": {"path":"/Users/admin/Downloads/wd_201-main/todo-app/models/todo.js","statementMap":{"0":{"start":{"line":3,"column":18},"end":{"line":3,"column":38}},"1":{"start":{"line":4,"column":15},"end":{"line":4,"column":35}},"2":{"start":{"line":5,"column":0},"end":{"line":100,"column":2}},"3":{"start":{"line":13,"column":6},"end":{"line":15,"column":8}},"4":{"start":{"line":19,"column":6},"end":{"line":19,"column":87}},"5":{"start":{"line":23,"column":6},"end":{"line":23,"column":28}},"6":{"start":{"line":27,"column":6},"end":{"line":35,"column":9}},"7":{"start":{"line":39,"column":6},"end":{"line":47,"column":9}},"8":{"start":{"line":51,"column":6},"end":{"line":59,"column":9}},"9":{"start":{"line":63,"column":6},"end":{"line":68,"column":8}},"10":{"start":{"line":72,"column":6},"end":{"line":77,"column":8}},"11":{"start":{"line":81,"column":6},"end":{"line":83,"column":7}},"12":{"start":{"line":82,"column":8},"end":{"line":82,"column":49}},"13":{"start":{"line":84,"column":6},"end":{"line":84,"column":46}},"14":{"start":{"line":88,"column":2},"end":{"line":98,"column":4}},"15":{"start":{"line":99,"column":2},"end":{"line":99,"column":14}}},"fnMap":{"0":{"name":"(anonymous_0)","decl":{"start":{"line":5,"column":17},"end":{"line":5,"column":18}},"loc":{"start":{"line":5,"column":43},"end":{"line":100,"column":1}},"line":5},"1":{"name":"(anonymous_1)","decl":{"start":{"line":12,"column":4},"end":{"line":12,"column":5}},"loc":{"start":{"line":12,"column":29},"end":{"line":16,"column":5}},"line":12},"2":{"name":"(anonymous_2)","decl":{"start":{"line":18,"column":4},"end":{"line":18,"column":5}},"loc":{"start":{"line":18,"column":47},"end":{"line":20,"column":5}},"line":18},"3":{"name":"(anonymous_3)","decl":{"start":{"line":22,"column":4},"end":{"line":22,"column":5}},"loc":{"start":{"line":22,"column":22},"end":{"line":24,"column":5}},"line":22},"4":{"name":"(anonymous_4)","decl":{"start":{"line":26,"column":4},"end":{"line":26,"column":5}},"loc":{"start":{"line":26,"column":33},"end":{"line":36,"column":5}},"line":26},"5":{"name":"(anonymous_5)","decl":{"start":{"line":38,"column":4},"end":{"line":38,"column":5}},"loc":{"start":{"line":38,"column":34},"end":{"line":48,"column":5}},"line":38},"6":{"name":"(anonymous_6)","decl":{"start":{"line":50,"column":4},"end":{"line":50,"column":5}},"loc":{"start":{"line":50,"column":34},"end":{"line":60,"column":5}},"line":50},"7":{"name":"(anonymous_7)","decl":{"start":{"line":62,"column":4},"end":{"line":62,"column":5}},"loc":{"start":{"line":62,"column":40},"end":{"line":69,"column":5}},"line":62},"8":{"name":"(anonymous_8)","decl":{"start":{"line":71,"column":4},"end":{"line":71,"column":5}},"loc":{"start":{"line":71,"column":36},"end":{"line":78,"column":5}},"line":71},"9":{"name":"(anonymous_9)","decl":{"start":{"line":80,"column":4},"end":{"line":80,"column":5}},"loc":{"start":{"line":80,"column":32},"end":{"line":85,"column":5}},"line":80}},"branchMap":{"0":{"loc":{"start":{"line":81,"column":6},"end":{"line":83,"column":7}},"type":"if","locations":[{"start":{"line":81,"column":6},"end":{"line":83,"column":7}},{"start":{},"end":{}}],"line":81}},"s":{"0":1,"1":1,"2":1,"3":1,"4":3,"5":8,"6":8,"7":8,"8":8,"9":8,"10":1,"11":1,"12":0,"13":1,"14":1,"15":1},"f":{"0":1,"1":1,"2":3,"3":8,"4":8,"5":8,"6":8,"7":8,"8":1,"9":1},"b":{"0":[0,1]},"_coverageSchema":"1a1c01bbd47fc00a2c39e90264f33305004495a9","hash":"06efa65d7729068f114d8daf71ccceb591dc5b95"}
,"/Users/admin/Downloads/wd_201-main/todo-app/models/user.js": {"path":"/Users/admin/Downloads/wd_201-main/todo-app/models/user.js","statementMap":{"0":{"start":{"line":5,"column":4},"end":{"line":5,"column":24}},"1":{"start":{"line":6,"column":0},"end":{"line":30,"column":2}},"2":{"start":{"line":15,"column":6},"end":{"line":17,"column":8}},"3":{"start":{"line":20,"column":2},"end":{"line":28,"column":5}},"4":{"start":{"line":29,"column":2},"end":{"line":29,"column":14}}},"fnMap":{"0":{"name":"(anonymous_0)","decl":{"start":{"line":6,"column":17},"end":{"line":6,"column":18}},"loc":{"start":{"line":6,"column":43},"end":{"line":30,"column":1}},"line":6},"1":{"name":"(anonymous_1)","decl":{"start":{"line":13,"column":4},"end":{"line":13,"column":5}},"loc":{"start":{"line":13,"column":29},"end":{"line":18,"column":5}},"line":13}},"branchMap":{},"s":{"0":1,"1":1,"2":1,"3":1,"4":1},"f":{"0":1,"1":1},"b":{},"_coverageSchema":"1a1c01bbd47fc00a2c39e90264f33305004495a9","hash":"2da3c5fad6b401b9cab66cc38704700484258d76"}
}
