TN:
SF:app.js
FN:60,(anonymous_0)
FN:68,(anonymous_1)
FN:74,(anonymous_2)
FN:82,(anonymous_3)
FN:87,(anonymous_4)
FN:92,(anonymous_5)
FN:94,(anonymous_6)
FN:97,(anonymous_7)
FN:102,(anonymous_8)
FN:109,(anonymous_9)
FN:137,(anonymous_10)
FN:144,(anonymous_11)
FN:145,(anonymous_12)
FN:154,(anonymous_13)
FN:165,(anonymous_14)
FN:179,(anonymous_15)
FN:188,(anonymous_16)
FN:206,(anonymous_17)
FN:218,(anonymous_18)
FN:223,(anonymous_19)
FN:236,(anonymous_20)
FNF:21
FNH:17
FNDA:23,(anonymous_0)
FNDA:3,(anonymous_1)
FNDA:3,(anonymous_2)
FNDA:0,(anonymous_3)
FNDA:4,(anonymous_4)
FNDA:14,(anonymous_5)
FNDA:14,(anonymous_6)
FNDA:0,(anonymous_7)
FNDA:0,(anonymous_8)
FNDA:8,(anonymous_9)
FNDA:1,(anonymous_10)
FNDA:1,(anonymous_11)
FNDA:1,(anonymous_12)
FNDA:1,(anonymous_13)
FNDA:1,(anonymous_14)
FNDA:0,(anonymous_15)
FNDA:3,(anonymous_16)
FNDA:3,(anonymous_17)
FNDA:3,(anonymous_18)
FNDA:1,(anonymous_19)
FNDA:1,(anonymous_20)
DA:3,1
DA:4,1
DA:5,1
DA:8,1
DA:9,1
DA:12,1
DA:13,1
DA:14,1
DA:15,1
DA:17,1
DA:19,1
DA:20,1
DA:21,1
DA:24,1
DA:25,1
DA:28,1
DA:29,1
DA:32,1
DA:35,1
DA:38,1
DA:41,1
DA:42,1
DA:47,1
DA:56,1
DA:57,1
DA:60,1
DA:61,23
DA:62,23
DA:65,1
DA:69,3
DA:75,3
DA:76,3
DA:77,3
DA:79,0
DA:83,0
DA:87,1
DA:88,4
DA:89,4
DA:92,1
DA:93,14
DA:95,14
DA:98,0
DA:102,1
DA:103,0
DA:109,1
DA:110,8
DA:111,8
DA:112,8
DA:113,8
DA:114,8
DA:115,8
DA:117,8
DA:118,6
DA:128,2
DA:137,1
DA:138,1
DA:144,1
DA:145,1
DA:146,1
DA:147,0
DA:149,1
DA:154,1
DA:156,1
DA:157,1
DA:158,1
DA:159,1
DA:165,1
DA:166,1
DA:167,0
DA:169,1
DA:173,0
DA:174,0
DA:179,1
DA:180,0
DA:181,0
DA:182,0
DA:184,0
DA:188,1
DA:189,3
DA:190,3
DA:191,3
DA:192,3
DA:197,3
DA:199,0
DA:200,0
DA:203,0
DA:206,1
DA:207,3
DA:213,1
DA:219,3
DA:220,3
DA:223,1
DA:224,1
DA:225,1
DA:226,1
DA:227,1
DA:228,1
DA:229,1
DA:231,0
DA:232,0
DA:236,1
DA:237,1
DA:238,1
DA:239,1
DA:240,1
DA:244,0
DA:248,1
LF:107
LH:89
BRDA:76,0,0,3
BRDA:76,0,1,0
BRDA:117,1,0,6
BRDA:117,1,1,2
BRDA:146,2,0,0
BRDA:146,2,1,1
BRDA:166,3,0,0
BRDA:166,3,1,1
BRF:8
BRH:5
end_of_record
TN:
SF:models/index.js
FN:26,(anonymous_0)
FN:31,(anonymous_1)
FN:39,(anonymous_2)
FNF:3
FNH:3
FNDA:3,(anonymous_0)
FNDA:2,(anonymous_1)
FNDA:2,(anonymous_2)
DA:4,1
DA:5,1
DA:6,1
DA:7,1
DA:8,1
DA:9,1
DA:10,1
DA:11,1
DA:14,1
DA:15,0
DA:17,1
DA:25,1
DA:27,3
DA:32,2
DA:36,2
DA:39,1
DA:40,2
DA:41,2
DA:45,1
DA:46,1
DA:48,1
LF:21
LH:20
BRDA:9,0,0,1
BRDA:9,0,1,0
BRDA:14,1,0,0
BRDA:14,1,1,1
BRDA:28,2,0,3
BRDA:28,2,1,3
BRDA:28,2,2,2
BRDA:40,3,0,2
BRDA:40,3,1,0
BRF:9
BRH:6
end_of_record
TN:
SF:models/todo.js
FN:5,(anonymous_0)
FN:12,(anonymous_1)
FN:18,(anonymous_2)
FN:22,(anonymous_3)
FN:26,(anonymous_4)
FN:38,(anonymous_5)
FN:50,(anonymous_6)
FN:62,(anonymous_7)
FN:71,(anonymous_8)
FN:80,(anonymous_9)
FNF:10
FNH:10
FNDA:1,(anonymous_0)
FNDA:1,(anonymous_1)
FNDA:3,(anonymous_2)
FNDA:8,(anonymous_3)
FNDA:8,(anonymous_4)
FNDA:8,(anonymous_5)
FNDA:8,(anonymous_6)
FNDA:8,(anonymous_7)
FNDA:1,(anonymous_8)
FNDA:1,(anonymous_9)
DA:3,1
DA:4,1
DA:5,1
DA:13,1
DA:19,3
DA:23,8
DA:27,8
DA:39,8
DA:51,8
DA:63,8
DA:72,1
DA:81,1
DA:82,0
DA:84,1
DA:88,1
DA:99,1
LF:16
LH:15
BRDA:81,0,0,0
BRDA:81,0,1,1
BRF:2
BRH:1
end_of_record
TN:
SF:models/user.js
FN:6,(anonymous_0)
FN:13,(anonymous_1)
FNF:2
FNH:2
FNDA:1,(anonymous_0)
FNDA:1,(anonymous_1)
DA:5,1
DA:6,1
DA:15,1
DA:20,1
DA:29,1
LF:5
LH:5
BRF:0
BRH:0
end_of_record
